
[2025-12-19 Fri 11:15:20] : **************

[2025-12-19 Fri 11:15:20] : {PARSE URL} : array (
  0 => '',
  1 => 'index.php',
  2 => 'sap',
  3 => 'ins',
)
[2025-12-19 Fri 11:15:20] : {VARDUMP} : array (
  'id' => '99',
)
[2025-12-19 Fri 11:15:20] : Recupero record da moodle_payments per ID: 99
[2025-12-19 Fri 11:15:20] : SQL: select * from moodle_payments where id=99
 > entro in italia
method: UserController::insInvoice
[2025-12-19 Fri 11:15:20] : Recupero record da moodle_payments per ID: 99
[2025-12-19 Fri 11:15:20] : SQL: select * from moodle_payments where id=99
[2025-12-19 Fri 11:15:20] : {VARDUMP} : array (
  'id' => 99,
  'payment_id' => 9218,
  'mdl' => 'mdl_formazioneoss',
  'courseid' => 29,
  'userid' => 564,
  'cost' => '5.00',
  'tipo' => 'manual',
)
[2025-12-19 Fri 11:15:23] : Dati mappati da WooCommerce:
[2025-12-19 Fri 11:15:23] : {VARDUMP} : array (
  0 => 
  array (
    'nome' => 'Gabriella Mazzotti',
    'email' => 'stellaraf@live.it',
    'Rag' => 'Gabriella Mazzotti',
    'CF' => 'MZZGRL86H51G975D',
    'partitaiva' => '',
    'fattind' => 'Via c.cattaneo',
    'fattcomune' => 'Tortora marina',
    'fattcap' => '87020',
    'fattprov' => 'CS',
    'telefono' => '3459660719',
    'PEC' => '',
    'IPACodePA' => '',
  ),
  1 => 
  array (
    'cost' => '5.00',
    'fullname' => 'Emergenze Respiratorie',
    'idnumber' => 'MEcdOSS',
    'datapagamento' => '2025-11-30',
  ),
)
[2025-12-19 Fri 11:15:23] : Recupero dati utenti da SAP
[2025-12-19 Fri 11:15:23] : getSapUser: Cerco utente con CF: MZZGRL86H51G975D
[2025-12-19 Fri 11:15:23] : *** GET anagrafica da OCRD: SELECT TOP 1 OCRD.cardcode, OCRD.cardname, OCRD.AddId, OCRD.LicTradNum AS 'partitaiva', IPACodePA, E_Mail, PECAddr, ShipToDef, BillToDef, pymcode FROM OCRD WHERE OCRD.AddId = 'MZZGRL86H51G975D' and cardcode like 'CM%'  ORDER BY cardcode desc;
[2025-12-19 Fri 11:15:23] : {VARDUMP} : array (
  0 => 
  array (
    'cardcode' => 'CM003827',
    'cardname' => 'Gabriella Mazzotti',
    'AddId' => 'MZZGRL86H51G975D',
    'partitaiva' => '',
    'IPACodePA' => '0000000',
    'E_Mail' => 'stellaraf@live.it',
    'PECAddr' => NULL,
    'ShipToDef' => 'Gabriella Mazzotti',
    'BillToDef' => 'Gabriella Mazzotti',
    'pymcode' => 'Cl.Bon.Bancario',
  ),
)
[2025-12-19 Fri 11:15:23] : *** GET indirizzo fatturazione CRD1: SELECT CRD1.Address, CRD1.Street, CRD1.ZipCode, CRD1.City, CRD1.State, CRD1.AdresType FROM CRD1 WHERE cardcode = 'CM003827' AND AdresType='B';
[2025-12-19 Fri 11:15:23] : {VARDUMP} : array (
  0 => 
  array (
    'Address' => 'Gabriella Mazzotti',
    'Street' => 'Via c.cattaneo',
    'ZipCode' => '87020',
    'City' => 'Tortora marina',
    'State' => 'CS',
    'AdresType' => 'B',
  ),
)
[2025-12-19 Fri 11:15:23] : *** GET indirizzo spedizione CRD1: SELECT CRD1.Address, CRD1.Street, CRD1.ZipCode, CRD1.City, CRD1.State, CRD1.AdresType FROM CRD1 WHERE cardcode = 'CM003827' AND AdresType='S';
[2025-12-19 Fri 11:15:23] : {VARDUMP} : array (
  0 => 
  array (
    'Address' => 'Gabriella Mazzotti',
    'Street' => 'Via c.cattaneo',
    'ZipCode' => '87020',
    'City' => 'Tortora marina',
    'State' => 'CS',
    'AdresType' => 'S',
  ),
)
[2025-12-19 Fri 11:15:23] : {VARDUMP} : array (
  'cardcode' => 'CM003827',
  'cardname' => 'Gabriella Mazzotti',
  'AddId' => 'MZZGRL86H51G975D',
  'partitaiva' => '',
  'E_Mail' => 'stellaraf@live.it',
  'PEC' => '',
  'IPACodePA' => '0000000',
  'ShipToDef' => 'Gabriella Mazzotti',
  'BillToDef' => 'Gabriella Mazzotti',
  'pymcode' => 'Cl.Bon.Bancario',
  'NameAddressB' => 'Gabriella Mazzotti',
  'Address' => 'Via c.cattaneo',
  'City' => 'Tortora marina',
  'ZipCode' => '87020',
  'Prov' => 'CS',
  'NameAddressS' => 'Gabriella Mazzotti',
  'MailAddres' => 'Via c.cattaneo',
  'MailCity' => 'Tortora marina',
  'MailZipCod' => '87020',
  'MailProv' => 'CS',
)
[2025-12-19 Fri 11:15:23] : getSapUser: Utente trovato o creato con successo. Dump dei dati SAP:
[2025-12-19 Fri 11:15:23] : {VARDUMP} : array (
  'cardcode' => 'CM003827',
  'cardname' => 'Gabriella Mazzotti',
  'AddId' => 'MZZGRL86H51G975D',
  'partitaiva' => '',
  'E_Mail' => 'stellaraf@live.it',
  'PEC' => '',
  'IPACodePA' => '0000000',
  'ShipToDef' => 'Gabriella Mazzotti',
  'BillToDef' => 'Gabriella Mazzotti',
  'pymcode' => 'Cl.Bon.Bancario',
  'NameAddressB' => 'Gabriella Mazzotti',
  'Address' => 'Via c.cattaneo',
  'City' => 'Tortora marina',
  'ZipCode' => '87020',
  'Prov' => 'CS',
  'NameAddressS' => 'Gabriella Mazzotti',
  'MailAddres' => 'Via c.cattaneo',
  'MailCity' => 'Tortora marina',
  'MailZipCod' => '87020',
  'MailProv' => 'CS',
)
[2025-12-19 Fri 11:15:23] : *** Utente esiste, verifico allineamento dati
[2025-12-19 Fri 11:15:23] : *** Verifica allineamento dati fatturazione
[2025-12-19 Fri 11:15:23] : {Address} disallineata
[2025-12-19 Fri 11:15:23] : *** Verifica allineamento dati spedizione
[2025-12-19 Fri 11:15:23] : Dump array allineamento
[2025-12-19 Fri 11:15:23] : {VARDUMP} : array (
  'B' => 
  array (
    'Address' => 'Gabriella Mazzotti',
  ),
  'S' => 
  array (
    'Address' => 'Gabriella Mazzotti',
  ),
)
[2025-12-19 Fri 11:15:23] : update CRD1 set Address = 'Gabriella Mazzotti' where cardcode='CM003827' and AdresType='B';
[2025-12-19 Fri 11:15:23] : update CRD1 set Address = 'Gabriella Mazzotti' where cardcode='CM003827' and AdresType='S';
[2025-12-19 Fri 11:15:23] : *** Allineamento effettuato con successo, riprendo i dati aggiornati
[2025-12-19 Fri 11:15:23] : Recupero dati utenti da SAP
[2025-12-19 Fri 11:15:23] : getSapUser: Cerco utente con CF: MZZGRL86H51G975D
[2025-12-19 Fri 11:15:23] : *** GET anagrafica da OCRD: SELECT TOP 1 OCRD.cardcode, OCRD.cardname, OCRD.AddId, OCRD.LicTradNum AS 'partitaiva', IPACodePA, E_Mail, PECAddr, ShipToDef, BillToDef, pymcode FROM OCRD WHERE OCRD.AddId = 'MZZGRL86H51G975D' and cardcode like 'CM%'  ORDER BY cardcode desc;
[2025-12-19 Fri 11:15:23] : {VARDUMP} : array (
  0 => 
  array (
    'cardcode' => 'CM003827',
    'cardname' => 'Gabriella Mazzotti',
    'AddId' => 'MZZGRL86H51G975D',
    'partitaiva' => '',
    'IPACodePA' => '0000000',
    'E_Mail' => 'stellaraf@live.it',
    'PECAddr' => NULL,
    'ShipToDef' => 'Gabriella Mazzotti',
    'BillToDef' => 'Gabriella Mazzotti',
    'pymcode' => 'Cl.Bon.Bancario',
  ),
)
[2025-12-19 Fri 11:15:23] : *** GET indirizzo fatturazione CRD1: SELECT CRD1.Address, CRD1.Street, CRD1.ZipCode, CRD1.City, CRD1.State, CRD1.AdresType FROM CRD1 WHERE cardcode = 'CM003827' AND AdresType='B';
[2025-12-19 Fri 11:15:23] : {VARDUMP} : array (
  0 => 
  array (
    'Address' => 'Gabriella Mazzotti',
    'Street' => 'Via c.cattaneo',
    'ZipCode' => '87020',
    'City' => 'Tortora marina',
    'State' => 'CS',
    'AdresType' => 'B',
  ),
)
[2025-12-19 Fri 11:15:23] : *** GET indirizzo spedizione CRD1: SELECT CRD1.Address, CRD1.Street, CRD1.ZipCode, CRD1.City, CRD1.State, CRD1.AdresType FROM CRD1 WHERE cardcode = 'CM003827' AND AdresType='S';
[2025-12-19 Fri 11:15:23] : {VARDUMP} : array (
  0 => 
  array (
    'Address' => 'Gabriella Mazzotti',
    'Street' => 'Via c.cattaneo',
    'ZipCode' => '87020',
    'City' => 'Tortora marina',
    'State' => 'CS',
    'AdresType' => 'S',
  ),
)
[2025-12-19 Fri 11:15:23] : {VARDUMP} : array (
  'cardcode' => 'CM003827',
  'cardname' => 'Gabriella Mazzotti',
  'AddId' => 'MZZGRL86H51G975D',
  'partitaiva' => '',
  'E_Mail' => 'stellaraf@live.it',
  'PEC' => '',
  'IPACodePA' => '0000000',
  'ShipToDef' => 'Gabriella Mazzotti',
  'BillToDef' => 'Gabriella Mazzotti',
  'pymcode' => 'Cl.Bon.Bancario',
  'NameAddressB' => 'Gabriella Mazzotti',
  'Address' => 'Via c.cattaneo',
  'City' => 'Tortora marina',
  'ZipCode' => '87020',
  'Prov' => 'CS',
  'NameAddressS' => 'Gabriella Mazzotti',
  'MailAddres' => 'Via c.cattaneo',
  'MailCity' => 'Tortora marina',
  'MailZipCod' => '87020',
  'MailProv' => 'CS',
)
[2025-12-19 Fri 11:15:23] : getSapUser: Utente trovato o creato con successo. Dump dei dati SAP:
[2025-12-19 Fri 11:15:23] : {VARDUMP} : array (
  'cardcode' => 'CM003827',
  'cardname' => 'Gabriella Mazzotti',
  'AddId' => 'MZZGRL86H51G975D',
  'partitaiva' => '',
  'E_Mail' => 'stellaraf@live.it',
  'PEC' => '',
  'IPACodePA' => '0000000',
  'ShipToDef' => 'Gabriella Mazzotti',
  'BillToDef' => 'Gabriella Mazzotti',
  'pymcode' => 'Cl.Bon.Bancario',
  'NameAddressB' => 'Gabriella Mazzotti',
  'Address' => 'Via c.cattaneo',
  'City' => 'Tortora marina',
  'ZipCode' => '87020',
  'Prov' => 'CS',
  'NameAddressS' => 'Gabriella Mazzotti',
  'MailAddres' => 'Via c.cattaneo',
  'MailCity' => 'Tortora marina',
  'MailZipCod' => '87020',
  'MailProv' => 'CS',
)
[2025-12-19 Fri 11:15:23] : Recupero articolo SAP con idnumber: MEcdOSS
[2025-12-19 Fri 11:15:23] : SELECT trim(OITM.itemcode) as itemcode, OITM.itemname, OITM.vatgourpSa, OITW.RevenuesAc   FROM OITM JOIN OITW ON OITM.ItemCode = OITW.ItemCode WHERE OITW.itemcode ='MEcdOSS';
[2025-12-19 Fri 11:15:23] : Dump array articoloSap
[2025-12-19 Fri 11:15:23] : {VARDUMP} : array (
  0 => 
  array (
    'itemcode' => 'MEcdOSS',
    'itemname' => 'Corso ECM Formazione OSS',
    'vatgourpSa' => 'Ves10n20',
    'RevenuesAc' => '47005010',
  ),
)
[2025-12-19 Fri 11:15:23] : FASE: Articolo SAP recuperato con successo.
[2025-12-19 Fri 11:15:23] : Numero serie per tipo [manual]
[2025-12-19 Fri 11:15:23] : Nuovo documento di numerazione serie : FCLBON25
[2025-12-19 Fri 11:15:23] : SELECT Series from dbo.NNM1 where seriesName='FCLBON25'
[2025-12-19 Fri 11:15:23] : Numero serie : 101
[2025-12-19 Fri 11:15:23] : Nuovo documento di numerazione serie : 101
[2025-12-19 Fri 11:15:23] : SELECT NextNumber from dbo.NNM1 where series=101
[2025-12-19 Fri 11:15:23] : Numero documento : 2025300002
[2025-12-19 Fri 11:15:23] : XML Invoice
[2025-12-19 Fri 11:15:23] : <BOM>
                                <BO><AdmInfo>
                                <requestUser>manager</requestUser>
                                <requestDataTime>2025-12-19 11:12:23</requestDataTime>
                                <requestDB>METMI_TEST</requestDB>
                                <Object>13</Object>
                                <Version>2</Version>
                            </AdmInfo><Documents>
                                <row>
                                    <Series>101</Series>
                                    <DocNum>2025300002</DocNum>
                                    <CardCode>CM003827</CardCode>
                                    <ShipToCode>Gabriella Mazzotti</ShipToCode>
                                    <DocDate>20251130</DocDate>
                                    <TaxDate>20251130</TaxDate>
                                    <DocCurrency>EUR</DocCurrency>
                                    <PaymentMethod>Cl.Bon.Bancario</PaymentMethod>
                                    <PaymentGroupCode>54</PaymentGroupCode>
                                    <DocTotal>5.00</DocTotal>
                                    <U_B1SYS_INV_TYPE>TD01</U_B1SYS_INV_TYPE>
                                </row>
                            </Documents><Document_Lines><row>
                                    <ItemCode>MEcdOSS</ItemCode>
				                    <ItemDescription>Corso ECM Formazione OSS - Gabriella Mazzotti</ItemDescription>
				                    <Quantity>1</Quantity>
				                    <LineTotal>5.00</LineTotal>
				                    <VatGroup>Ves10n20</VatGroup>
				                    <AccountCode>47005010</AccountCode>
                                </row></Document_Lines><Document_Installments>
                                <row>
                                    <DueDate>20251130</DueDate>
                                    <Total>5.00</Total>
                                </row>
                            </Document_Installments></BO>
                                </BOM>
[2025-12-19 Fri 11:15:23] : invio xml: invoice
[2025-12-19 Fri 11:15:24] : <?xml version="1.0" encoding="utf-8"?><soap:Envelope xmlns:soap="http://schemas.xmlsoap.org/soap/envelope/" xmlns:xsi="http://www.w3.org/2001/XMLSchema-instance" xmlns:xsd="http://www.w3.org/2001/XMLSchema"><soap:Body><BOsyncResponse xmlns="http://localhost/"><BOsyncResult><XMLResponseBuilder xmlns=""><ResponseInfo><ResponseUser>ws4s</ResponseUser><ResponseData>2025-12-19 11:15:23.77 </ResponseData><ResponseId>1349000155</ResponseId><ResponseAction /><ResponseQuery /><DebugPoint /><SessionId /></ResponseInfo><Esito><IsError>N</IsError><Code>0</Code><Message>Operazione avvenuta con successo</Message><ReturnKey /></Esito><Document><DocEntry>11415</DocEntry></Document></XMLResponseBuilder></BOsyncResult></BOsyncResponse></soap:Body></soap:Envelope>
[2025-12-19 Fri 11:15:24] : Risposta curl<?xml version="1.0" encoding="utf-8"?><soap:Envelope xmlns:soap="http://schemas.xmlsoap.org/soap/envelope/" xmlns:xsi="http://www.w3.org/2001/XMLSchema-instance" xmlns:xsd="http://www.w3.org/2001/XMLSchema"><soap:Body><BOsyncResponse xmlns="http://localhost/"><BOsyncResult><XMLResponseBuilder xmlns=""><ResponseInfo><ResponseUser>ws4s</ResponseUser><ResponseData>2025-12-19 11:15:23.77 </ResponseData><ResponseId>1349000155</ResponseId><ResponseAction /><ResponseQuery /><DebugPoint /><SessionId /></ResponseInfo><Esito><IsError>N</IsError><Code>0</Code><Message>Operazione avvenuta con successo</Message><ReturnKey /></Esito><Document><DocEntry>11415</DocEntry></Document></XMLResponseBuilder></BOsyncResult></BOsyncResponse></soap:Body></soap:Envelope>
[2025-12-19 Fri 11:15:24] : {VARDUMP} : array (
  'error' => 
  \SimpleXMLElement::__set_state(array(
     0 => 'N',
  )),
  'code' => 
  \SimpleXMLElement::__set_state(array(
     0 => '0',
  )),
  'message' => 
  \SimpleXMLElement::__set_state(array(
     0 => 'Operazione avvenuta con successo',
  )),
)
[2025-12-19 Fri 11:15:24] : Tipo: invoice
[2025-12-19 Fri 11:15:24] : Fattura inserita con docEnty: 11415
[2025-12-19 Fri 11:15:24] : Fattura inviata correttamente docEntry[11415]
[2025-12-19 Fri 11:15:24] : Dump array datiInvoice
[2025-12-19 Fri 11:15:24] : {VARDUMP} : array (
  'data' => '30112025_000000',
  'data1' => '20251130',
  'data2' => '30.11.2025',
  'yearSeries' => '25',
  'series' => '101',
  'docnum' => '2025300002',
  'cardcode' => 'CM003827',
  'cost' => '5.00',
  'art1' => 'MEcdOSS',
  'descrart1' => 'Corso ECM Formazione OSS',
  'artbollo' => 'MEbollo02',
  'costbollo' => '0.00',
  'descrbollo' => 'Marca da bollo',
  'costtot' => '5.00',
  'docentry' => 
  \SimpleXMLElement::__set_state(array(
     0 => '11415',
  )),
)
[2025-12-19 Fri 11:15:24] : Tipo: manual
[2025-12-19 Fri 11:15:24] : Inserimento incasso: 11415
[2025-12-19 Fri 11:15:24] : XML Admin Info
[2025-12-19 Fri 11:15:24] : <AdmInfo>
                                <requestUser>manager</requestUser>
                                <requestDataTime>2025-12-19 11:12:24</requestDataTime>
                                <requestDB>METMI_TEST</requestDB>
                                <Object>24</Object>
                                <Version>2</Version>
                                </AdmInfo>
[2025-12-19 Fri 11:15:24] : XML Documents
[2025-12-19 Fri 11:15:24] : <Payments>
                                    <row>
                                        <DocType>rCustomer</DocType>
                                        <DocDate>20251130</DocDate>
                                        <TaxDate>20251130</TaxDate>
                                        <VatDate>20251130</VatDate>
                                        <CardCode>CM003827</CardCode>
                                        <TransferAccount>27435010</TransferAccount>
                                        <TransferSum>5.00</TransferSum>
                                        <BankChargeAmount>0</BankChargeAmount>
                                        <DocObjectCode>bopot_IncomingPayments</DocObjectCode>
                                    </row>
                                </Payments>
[2025-12-19 Fri 11:15:24] : XML Articles
[2025-12-19 Fri 11:15:24] : <Payments_Invoices><row>
                                    <DocEntry>11415</DocEntry>
                                    <DocLine>0</DocLine>
                                    <SumApplied>5.00</SumApplied>
                                    <InvoiceType>it_Invoice</InvoiceType>
                                </row></Payments_Invoices>
[2025-12-19 Fri 11:15:24] : Generazione dell' XML Incasso:
[2025-12-19 Fri 11:15:24] : <soapenv:Envelope xmlns:soapenv="http://schemas.xmlsoap.org/soap/envelope/" xmlns:loc="http://localhost/">
                                <soapenv:Header/>
                                    <soapenv:Body>
                                    <loc:BOsync>
                                    <loc:reqType>set</loc:reqType>
                                    <loc:objType>primenote</loc:objType>
                                    <loc:docXml>&lt;BOM&gt;
                                &lt;BO&gt;&lt;AdmInfo&gt;
                                &lt;requestUser&gt;manager&lt;/requestUser&gt;
                                &lt;requestDataTime&gt;2025-12-19 11:12:24&lt;/requestDataTime&gt;
                                &lt;requestDB&gt;METMI_TEST&lt;/requestDB&gt;
                                &lt;Object&gt;24&lt;/Object&gt;
                                &lt;Version&gt;2&lt;/Version&gt;
                                &lt;/AdmInfo&gt;&lt;Payments&gt;
                                    &lt;row&gt;
                                        &lt;DocType&gt;rCustomer&lt;/DocType&gt;
                                        &lt;DocDate&gt;20251130&lt;/DocDate&gt;
                                        &lt;TaxDate&gt;20251130&lt;/TaxDate&gt;
                                        &lt;VatDate&gt;20251130&lt;/VatDate&gt;
                                        &lt;CardCode&gt;CM003827&lt;/CardCode&gt;
                                        &lt;TransferAccount&gt;27435010&lt;/TransferAccount&gt;
                                        &lt;TransferSum&gt;5.00&lt;/TransferSum&gt;
                                        &lt;BankChargeAmount&gt;0&lt;/BankChargeAmount&gt;
                                        &lt;DocObjectCode&gt;bopot_IncomingPayments&lt;/DocObjectCode&gt;
                                    &lt;/row&gt;
                                &lt;/Payments&gt;&lt;Payments_Invoices&gt;&lt;row&gt;
                                    &lt;DocEntry&gt;11415&lt;/DocEntry&gt;
                                    &lt;DocLine&gt;0&lt;/DocLine&gt;
                                    &lt;SumApplied&gt;5.00&lt;/SumApplied&gt;
                                    &lt;InvoiceType&gt;it_Invoice&lt;/InvoiceType&gt;
                                &lt;/row&gt;&lt;/Payments_Invoices&gt;&lt;/BO&gt;
                                &lt;/BOM&gt;</loc:docXml>
                              </loc:BOsync>
                              </soapenv:Body>
                              </soapenv:Envelope>
[2025-12-19 Fri 11:15:24] : invio xml: profit
[2025-12-19 Fri 11:15:27] : <?xml version="1.0" encoding="utf-8"?><soap:Envelope xmlns:soap="http://schemas.xmlsoap.org/soap/envelope/" xmlns:xsi="http://www.w3.org/2001/XMLSchema-instance" xmlns:xsd="http://www.w3.org/2001/XMLSchema"><soap:Body><BOsyncResponse xmlns="http://localhost/"><BOsyncResult><XMLResponseBuilder xmlns=""><ResponseInfo><ResponseUser>ws4s</ResponseUser><ResponseData>2025-12-19 11:15:25.16 </ResponseData><ResponseId>691037015</ResponseId><ResponseAction /><ResponseQuery /><DebugPoint /><SessionId /></ResponseInfo><Esito><IsError>N</IsError><Code>0</Code><Message>Operazione avvenuta con successo</Message><ReturnKey /></Esito><Document><DocEntry>2019009797</DocEntry></Document></XMLResponseBuilder></BOsyncResult></BOsyncResponse></soap:Body></soap:Envelope>
[2025-12-19 Fri 11:15:27] : Risposta curl<?xml version="1.0" encoding="utf-8"?><soap:Envelope xmlns:soap="http://schemas.xmlsoap.org/soap/envelope/" xmlns:xsi="http://www.w3.org/2001/XMLSchema-instance" xmlns:xsd="http://www.w3.org/2001/XMLSchema"><soap:Body><BOsyncResponse xmlns="http://localhost/"><BOsyncResult><XMLResponseBuilder xmlns=""><ResponseInfo><ResponseUser>ws4s</ResponseUser><ResponseData>2025-12-19 11:15:25.16 </ResponseData><ResponseId>691037015</ResponseId><ResponseAction /><ResponseQuery /><DebugPoint /><SessionId /></ResponseInfo><Esito><IsError>N</IsError><Code>0</Code><Message>Operazione avvenuta con successo</Message><ReturnKey /></Esito><Document><DocEntry>2019009797</DocEntry></Document></XMLResponseBuilder></BOsyncResult></BOsyncResponse></soap:Body></soap:Envelope>
[2025-12-19 Fri 11:15:27] : {VARDUMP} : array (
  'error' => 
  \SimpleXMLElement::__set_state(array(
     0 => 'N',
  )),
  'code' => 
  \SimpleXMLElement::__set_state(array(
     0 => '0',
  )),
  'message' => 
  \SimpleXMLElement::__set_state(array(
     0 => 'Operazione avvenuta con successo',
  )),
)
[2025-12-19 Fri 11:15:27] : Tipo: profit
[2025-12-19 Fri 11:15:27] : Incasso inserito con docEnty: 2019009797
[2025-12-19 Fri 11:15:27] : Incasso inviato correttamente