
[2025-10-01 Wed 16:39:34] : **************

[2025-10-01 Wed 16:39:34] : {PARSE URL} : array (
  0 => '',
  1 => 'index.php',
  2 => 'sap',
  3 => 'ins',
)
[2025-10-01 Wed 16:39:34] : {VARDUMP} : array (
  'id' => '1',
)
[2025-10-01 Wed 16:39:34] : Recupero record da moodle_payments per ID: 1
[2025-10-01 Wed 16:39:34] : SQL: select * from moodle_payments where id=1
 > entro in italia
method: UserController::insInvoice
[2025-10-01 Wed 16:39:34] : Recupero record da moodle_payments per ID: 1
[2025-10-01 Wed 16:39:34] : SQL: select * from moodle_payments where id=1
[2025-10-01 Wed 16:39:34] : {VARDUMP} : array (
  'id' => '1',
  'payment_id' => '6937',
  'mdl' => 'mdl_formazioneoss',
  'courseid' => '25',
  'userid' => '605',
  'cost' => '5.00',
  'tipo' => 'woocommerce',
)
[2025-10-01 Wed 16:39:37] : Dati mappati da WooCommerce:
[2025-10-01 Wed 16:39:37] : {VARDUMP} : array (
  0 => 
  array (
    'nome' => 'Vilma Arias',
    'email' => 'vilmatonini8@gmail.com',
    'Rag' => 'Vilma Arias',
    'CF' => 'RSAVLM60M68Z611H',
    'partitaiva' => '',
    'fattind' => 'Via zuppetta 12',
    'fattcomune' => 'rimini',
    'fattcap' => '47924',
    'fattprov' => 'RN',
    'telefono' => '3286064230',
    'PEC' => '',
    'IPACodePA' => '',
  ),
  1 => 
  array (
    'cost' => '5.00',
    'fullname' => 'Demenza e Alzheimer: un approccio comune',
    'idnumber' => 'MEcdOSS',
  ),
)
[2025-10-01 Wed 16:39:37] : Recupero dati utenti da SAP
[2025-10-01 Wed 16:39:38] : getSapUser: Cerco utente con CF: RSAVLM60M68Z611H
[2025-10-01 Wed 16:39:38] : *** GET anagrafica da OCRD: SELECT TOP 1 OCRD.cardcode, OCRD.cardname, OCRD.AddId, OCRD.LicTradNum AS 'partitaiva', IPACodePA, E_Mail, PECAddr, ShipToDef, BillToDef, pymcode FROM OCRD WHERE OCRD.AddId = 'RSAVLM60M68Z611H' and cardcode like 'CM%'  ORDER BY cardcode desc;
[2025-10-01 Wed 16:39:38] : {VARDUMP} : array (
  0 => 
  array (
    'cardcode' => 'CM003825',
    'cardname' => 'Vilma Arias',
    'AddId' => 'RSAVLM60M68Z611H',
    'partitaiva' => '',
    'IPACodePA' => '0000000',
    'E_Mail' => 'vilmatonini8@gmail.com',
    'PECAddr' => NULL,
    'ShipToDef' => 'Vilma Arias',
    'BillToDef' => 'Vilma Arias',
    'pymcode' => 'Cl.Bon.Bancario',
  ),
)
[2025-10-01 Wed 16:39:38] : *** GET indirizzo fatturazione CRD1: SELECT CRD1.Address, CRD1.Street, CRD1.ZipCode, CRD1.City, CRD1.State, CRD1.AdresType FROM CRD1 WHERE cardcode = 'CM003825' AND AdresType='B';
[2025-10-01 Wed 16:39:38] : {VARDUMP} : array (
  0 => 
  array (
    'Address' => 'Vilma Arias',
    'Street' => 'Via zuppetta 12',
    'ZipCode' => '47924',
    'City' => 'rimini',
    'State' => 'RN',
    'AdresType' => 'B',
  ),
)
[2025-10-01 Wed 16:39:38] : *** GET indirizzo spedizione CRD1: SELECT CRD1.Address, CRD1.Street, CRD1.ZipCode, CRD1.City, CRD1.State, CRD1.AdresType FROM CRD1 WHERE cardcode = 'CM003825' AND AdresType='S';
[2025-10-01 Wed 16:39:38] : {VARDUMP} : array (
  0 => 
  array (
    'Address' => 'Vilma Arias',
    'Street' => 'Via zuppetta 12',
    'ZipCode' => '47924',
    'City' => 'rimini',
    'State' => 'RN',
    'AdresType' => 'S',
  ),
)
[2025-10-01 Wed 16:39:38] : {VARDUMP} : array (
  'cardcode' => 'CM003825',
  'cardname' => 'Vilma Arias',
  'AddId' => 'RSAVLM60M68Z611H',
  'partitaiva' => '',
  'E_Mail' => 'vilmatonini8@gmail.com',
  'PEC' => '',
  'IPACodePA' => '0000000',
  'ShipToDef' => 'Vilma Arias',
  'BillToDef' => 'Vilma Arias',
  'pymcode' => 'Cl.Bon.Bancario',
  'NameAddressB' => 'Vilma Arias',
  'Address' => 'Via zuppetta 12',
  'City' => 'rimini',
  'ZipCode' => '47924',
  'Prov' => 'RN',
  'NameAddressS' => 'Vilma Arias',
  'MailAddres' => 'Via zuppetta 12',
  'MailCity' => 'rimini',
  'MailZipCod' => '47924',
  'MailProv' => 'RN',
)
[2025-10-01 Wed 16:39:38] : getSapUser: Utente trovato o creato con successo. Dump dei dati SAP:
[2025-10-01 Wed 16:39:38] : {VARDUMP} : array (
  'cardcode' => 'CM003825',
  'cardname' => 'Vilma Arias',
  'AddId' => 'RSAVLM60M68Z611H',
  'partitaiva' => '',
  'E_Mail' => 'vilmatonini8@gmail.com',
  'PEC' => '',
  'IPACodePA' => '0000000',
  'ShipToDef' => 'Vilma Arias',
  'BillToDef' => 'Vilma Arias',
  'pymcode' => 'Cl.Bon.Bancario',
  'NameAddressB' => 'Vilma Arias',
  'Address' => 'Via zuppetta 12',
  'City' => 'rimini',
  'ZipCode' => '47924',
  'Prov' => 'RN',
  'NameAddressS' => 'Vilma Arias',
  'MailAddres' => 'Via zuppetta 12',
  'MailCity' => 'rimini',
  'MailZipCod' => '47924',
  'MailProv' => 'RN',
)
[2025-10-01 Wed 16:39:38] : *** Utente esiste, verifico allineamento dati
[2025-10-01 Wed 16:39:38] : *** Verifica allineamento dati fatturazione
[2025-10-01 Wed 16:39:38] : {Address} disallineata
[2025-10-01 Wed 16:39:38] : *** Verifica allineamento dati spedizione
[2025-10-01 Wed 16:39:38] : Dump array allineamento
[2025-10-01 Wed 16:39:38] : {VARDUMP} : array (
  'B' => 
  array (
    'Address' => 'Vilma Arias',
  ),
  'S' => 
  array (
    'Address' => 'Vilma Arias',
  ),
)
[2025-10-01 Wed 16:39:38] : update CRD1 set Address = 'Vilma Arias' where cardcode='CM003825' and AdresType='B';
[2025-10-01 Wed 16:39:38] : update CRD1 set Address = 'Vilma Arias' where cardcode='CM003825' and AdresType='S';
[2025-10-01 Wed 16:39:38] : *** Allineamento effettuato con successo, riprendo i dati aggiornati
[2025-10-01 Wed 16:39:38] : Recupero dati utenti da SAP
[2025-10-01 Wed 16:39:38] : getSapUser: Cerco utente con CF: RSAVLM60M68Z611H
[2025-10-01 Wed 16:39:38] : *** GET anagrafica da OCRD: SELECT TOP 1 OCRD.cardcode, OCRD.cardname, OCRD.AddId, OCRD.LicTradNum AS 'partitaiva', IPACodePA, E_Mail, PECAddr, ShipToDef, BillToDef, pymcode FROM OCRD WHERE OCRD.AddId = 'RSAVLM60M68Z611H' and cardcode like 'CM%'  ORDER BY cardcode desc;
[2025-10-01 Wed 16:39:38] : {VARDUMP} : array (
  0 => 
  array (
    'cardcode' => 'CM003825',
    'cardname' => 'Vilma Arias',
    'AddId' => 'RSAVLM60M68Z611H',
    'partitaiva' => '',
    'IPACodePA' => '0000000',
    'E_Mail' => 'vilmatonini8@gmail.com',
    'PECAddr' => NULL,
    'ShipToDef' => 'Vilma Arias',
    'BillToDef' => 'Vilma Arias',
    'pymcode' => 'Cl.Bon.Bancario',
  ),
)
[2025-10-01 Wed 16:39:38] : *** GET indirizzo fatturazione CRD1: SELECT CRD1.Address, CRD1.Street, CRD1.ZipCode, CRD1.City, CRD1.State, CRD1.AdresType FROM CRD1 WHERE cardcode = 'CM003825' AND AdresType='B';
[2025-10-01 Wed 16:39:38] : {VARDUMP} : array (
  0 => 
  array (
    'Address' => 'Vilma Arias',
    'Street' => 'Via zuppetta 12',
    'ZipCode' => '47924',
    'City' => 'rimini',
    'State' => 'RN',
    'AdresType' => 'B',
  ),
)
[2025-10-01 Wed 16:39:38] : *** GET indirizzo spedizione CRD1: SELECT CRD1.Address, CRD1.Street, CRD1.ZipCode, CRD1.City, CRD1.State, CRD1.AdresType FROM CRD1 WHERE cardcode = 'CM003825' AND AdresType='S';
[2025-10-01 Wed 16:39:38] : {VARDUMP} : array (
  0 => 
  array (
    'Address' => 'Vilma Arias',
    'Street' => 'Via zuppetta 12',
    'ZipCode' => '47924',
    'City' => 'rimini',
    'State' => 'RN',
    'AdresType' => 'S',
  ),
)
[2025-10-01 Wed 16:39:38] : {VARDUMP} : array (
  'cardcode' => 'CM003825',
  'cardname' => 'Vilma Arias',
  'AddId' => 'RSAVLM60M68Z611H',
  'partitaiva' => '',
  'E_Mail' => 'vilmatonini8@gmail.com',
  'PEC' => '',
  'IPACodePA' => '0000000',
  'ShipToDef' => 'Vilma Arias',
  'BillToDef' => 'Vilma Arias',
  'pymcode' => 'Cl.Bon.Bancario',
  'NameAddressB' => 'Vilma Arias',
  'Address' => 'Via zuppetta 12',
  'City' => 'rimini',
  'ZipCode' => '47924',
  'Prov' => 'RN',
  'NameAddressS' => 'Vilma Arias',
  'MailAddres' => 'Via zuppetta 12',
  'MailCity' => 'rimini',
  'MailZipCod' => '47924',
  'MailProv' => 'RN',
)
[2025-10-01 Wed 16:39:38] : getSapUser: Utente trovato o creato con successo. Dump dei dati SAP:
[2025-10-01 Wed 16:39:38] : {VARDUMP} : array (
  'cardcode' => 'CM003825',
  'cardname' => 'Vilma Arias',
  'AddId' => 'RSAVLM60M68Z611H',
  'partitaiva' => '',
  'E_Mail' => 'vilmatonini8@gmail.com',
  'PEC' => '',
  'IPACodePA' => '0000000',
  'ShipToDef' => 'Vilma Arias',
  'BillToDef' => 'Vilma Arias',
  'pymcode' => 'Cl.Bon.Bancario',
  'NameAddressB' => 'Vilma Arias',
  'Address' => 'Via zuppetta 12',
  'City' => 'rimini',
  'ZipCode' => '47924',
  'Prov' => 'RN',
  'NameAddressS' => 'Vilma Arias',
  'MailAddres' => 'Via zuppetta 12',
  'MailCity' => 'rimini',
  'MailZipCod' => '47924',
  'MailProv' => 'RN',
)
[2025-10-01 Wed 16:39:38] : Recupero articolo SAP con idnumber: MEcdOSS
[2025-10-01 Wed 16:39:38] : SELECT trim(OITM.itemcode) as itemcode, OITM.itemname, OITM.vatgourpSa, OITW.RevenuesAc   FROM OITM JOIN OITW ON OITM.ItemCode = OITW.ItemCode WHERE OITW.itemcode ='MEcdOSS';
[2025-10-01 Wed 16:39:38] : Dump array articoloSap
[2025-10-01 Wed 16:39:38] : {VARDUMP} : array (
  0 => 
  array (
    'itemcode' => 'MEcdOSS',
    'itemname' => 'Corso ECM Formazione OSS',
    'vatgourpSa' => 'Ves10n20',
    'RevenuesAc' => '47005010',
  ),
)
[2025-10-01 Wed 16:39:38] : FASE: Articolo SAP recuperato con successo.
[2025-10-01 Wed 16:39:38] : Numero serie per tipo [woocommerce]
[2025-10-01 Wed 16:39:38] : Nuovo documento di numerazione serie : FCLPAY25
[2025-10-01 Wed 16:39:38] : SELECT Series from dbo.NNM1 where seriesName='FCLPAY25'
[2025-10-01 Wed 16:39:38] : Numero serie : 102
[2025-10-01 Wed 16:39:38] : Nuovo documento di numerazione serie : 102
[2025-10-01 Wed 16:39:38] : SELECT NextNumber from dbo.NNM1 where series=102
[2025-10-01 Wed 16:39:38] : Numero documento : 2025200013
[2025-10-01 Wed 16:39:38] : XML Invoice
[2025-10-01 Wed 16:39:38] : <BOM>
                                <BO><AdmInfo>
                                <requestUser>manager</requestUser>
                                <requestDataTime>2025-10-01 04:10:38</requestDataTime>
                                <requestDB>METMI_TEST</requestDB>
                                <Object>13</Object>
                                <Version>2</Version>
                            </AdmInfo><Documents>
                                <row>
                                    <Series>102</Series>
                                    <DocNum>2025200013</DocNum>
                                    <CardCode>CM003825</CardCode>
                                    <ShipToCode>Vilma Arias</ShipToCode>
                                    <DocDate>20251001</DocDate>
                                    <TaxDate>20251001</TaxDate>
                                    <DocCurrency>EUR</DocCurrency>
                                    <PaymentMethod>Cl.Bon.Bancario</PaymentMethod>
                                    <PaymentGroupCode>54</PaymentGroupCode>
                                    <DocTotal>5.00</DocTotal>
                                    <U_B1SYS_INV_TYPE>TD01</U_B1SYS_INV_TYPE>
                                </row>
                            </Documents><Document_Lines><row>
                                    <ItemCode>MEcdOSS</ItemCode>
				                    <ItemDescription>Corso ECM Formazione OSS - Vilma Arias</ItemDescription>
				                    <Quantity>1</Quantity>
				                    <LineTotal>5.00</LineTotal>
				                    <VatGroup>Ves10n20</VatGroup>
				                    <AccountCode>47005010</AccountCode>
                                </row></Document_Lines><Document_Installments>
                                <row>
                                    <DueDate>20251001</DueDate>
                                    <Total>5.00</Total>
                                </row>
                            </Document_Installments></BO>
                                </BOM>
[2025-10-01 Wed 16:39:38] : invio xml: invoice
[2025-10-01 Wed 16:39:39] : <?xml version="1.0" encoding="utf-8"?><soap:Envelope xmlns:soap="http://schemas.xmlsoap.org/soap/envelope/" xmlns:xsi="http://www.w3.org/2001/XMLSchema-instance" xmlns:xsd="http://www.w3.org/2001/XMLSchema"><soap:Body><BOsyncResponse xmlns="http://localhost/"><BOsyncResult><XMLResponseBuilder xmlns=""><ResponseInfo><ResponseUser>ws4s</ResponseUser><ResponseData>2025-10-01 04:39:38.84 </ResponseData><ResponseId>326708783</ResponseId><ResponseAction /><ResponseQuery /><DebugPoint /><SessionId /></ResponseInfo><Esito><IsError>N</IsError><Code>0</Code><Message>Operazione avvenuta con successo</Message><ReturnKey /></Esito><Document><DocEntry>11410</DocEntry></Document></XMLResponseBuilder></BOsyncResult></BOsyncResponse></soap:Body></soap:Envelope>
[2025-10-01 Wed 16:39:39] : Risposta curl<?xml version="1.0" encoding="utf-8"?><soap:Envelope xmlns:soap="http://schemas.xmlsoap.org/soap/envelope/" xmlns:xsi="http://www.w3.org/2001/XMLSchema-instance" xmlns:xsd="http://www.w3.org/2001/XMLSchema"><soap:Body><BOsyncResponse xmlns="http://localhost/"><BOsyncResult><XMLResponseBuilder xmlns=""><ResponseInfo><ResponseUser>ws4s</ResponseUser><ResponseData>2025-10-01 04:39:38.84 </ResponseData><ResponseId>326708783</ResponseId><ResponseAction /><ResponseQuery /><DebugPoint /><SessionId /></ResponseInfo><Esito><IsError>N</IsError><Code>0</Code><Message>Operazione avvenuta con successo</Message><ReturnKey /></Esito><Document><DocEntry>11410</DocEntry></Document></XMLResponseBuilder></BOsyncResult></BOsyncResponse></soap:Body></soap:Envelope>
[2025-10-01 Wed 16:39:39] : {VARDUMP} : array (
  'error' => 
  SimpleXMLElement::__set_state(array(
     0 => 'N',
  )),
  'code' => 
  SimpleXMLElement::__set_state(array(
     0 => '0',
  )),
  'message' => 
  SimpleXMLElement::__set_state(array(
     0 => 'Operazione avvenuta con successo',
  )),
)
[2025-10-01 Wed 16:39:39] : Tipo: invoice
[2025-10-01 Wed 16:39:39] : Fattura inserita con docEnty: 11410
[2025-10-01 Wed 16:39:39] : Fattura inviata correttamente docEntry[11410]
[2025-10-01 Wed 16:39:39] : Dump array datiInvoice
[2025-10-01 Wed 16:39:39] : {VARDUMP} : array (
  'data' => '01102025_163938',
  'data1' => '20251001',
  'data2' => '01.10.2025',
  'yearSeries' => '25',
  'series' => '102',
  'docnum' => '2025200013',
  'cardcode' => 'CM003825',
  'cost' => '5.00',
  'art1' => 'MEcdOSS',
  'descrart1' => 'Corso ECM Formazione OSS',
  'artbollo' => 'MEbollo02',
  'costbollo' => '0.00',
  'descrbollo' => 'Marca da bollo',
  'costtot' => '5.00',
  'docentry' => 
  SimpleXMLElement::__set_state(array(
     0 => '11410',
  )),
)
[2025-10-01 Wed 16:39:40] : Tipo: woocommerce
[2025-10-01 Wed 16:39:40] : Inserimento incasso: 11410
[2025-10-01 Wed 16:39:40] : XML Admin Info
[2025-10-01 Wed 16:39:40] : <AdmInfo>
                                <requestUser>manager</requestUser>
                                <requestDataTime>2025-10-01 04:10:40</requestDataTime>
                                <requestDB>METMI_TEST</requestDB>
                                <Object>24</Object>
                                <Version>2</Version>
                                </AdmInfo>
[2025-10-01 Wed 16:39:40] : XML Documents
[2025-10-01 Wed 16:39:40] : <Payments>
                                    <row>
                                        <DocType>rCustomer</DocType>
                                        <DocDate>20251001</DocDate>
                                        <TaxDate>20251001</TaxDate>
                                        <VatDate>20251001</VatDate>
                                        <CardCode>CM003825</CardCode>
                                        <TransferAccount>27435020</TransferAccount>
                                        <TransferSum>4.48</TransferSum>
                                        <BankChargeAmount>0.52</BankChargeAmount>
                                        <DocObjectCode>bopot_IncomingPayments</DocObjectCode>
                                    </row>
                                </Payments>
[2025-10-01 Wed 16:39:40] : XML Articles
[2025-10-01 Wed 16:39:40] : <Payments_Invoices><row>
                                    <DocEntry>11410</DocEntry>
                                    <DocLine>0</DocLine>
                                    <SumApplied>5.00</SumApplied>
                                    <InvoiceType>it_Invoice</InvoiceType>
                                </row></Payments_Invoices>
[2025-10-01 Wed 16:39:40] : Generazione dell' XML Incasso:
[2025-10-01 Wed 16:39:40] : <soapenv:Envelope xmlns:soapenv="http://schemas.xmlsoap.org/soap/envelope/" xmlns:loc="http://localhost/">
                                <soapenv:Header/>
                                    <soapenv:Body>
                                    <loc:BOsync>
                                    <loc:reqType>set</loc:reqType>
                                    <loc:objType>primenote</loc:objType>
                                    <loc:docXml>&lt;BOM&gt;
                                &lt;BO&gt;&lt;AdmInfo&gt;
                                &lt;requestUser&gt;manager&lt;/requestUser&gt;
                                &lt;requestDataTime&gt;2025-10-01 04:10:40&lt;/requestDataTime&gt;
                                &lt;requestDB&gt;METMI_TEST&lt;/requestDB&gt;
                                &lt;Object&gt;24&lt;/Object&gt;
                                &lt;Version&gt;2&lt;/Version&gt;
                                &lt;/AdmInfo&gt;&lt;Payments&gt;
                                    &lt;row&gt;
                                        &lt;DocType&gt;rCustomer&lt;/DocType&gt;
                                        &lt;DocDate&gt;20251001&lt;/DocDate&gt;
                                        &lt;TaxDate&gt;20251001&lt;/TaxDate&gt;
                                        &lt;VatDate&gt;20251001&lt;/VatDate&gt;
                                        &lt;CardCode&gt;CM003825&lt;/CardCode&gt;
                                        &lt;TransferAccount&gt;27435020&lt;/TransferAccount&gt;
                                        &lt;TransferSum&gt;4.48&lt;/TransferSum&gt;
                                        &lt;BankChargeAmount&gt;0.52&lt;/BankChargeAmount&gt;
                                        &lt;DocObjectCode&gt;bopot_IncomingPayments&lt;/DocObjectCode&gt;
                                    &lt;/row&gt;
                                &lt;/Payments&gt;&lt;Payments_Invoices&gt;&lt;row&gt;
                                    &lt;DocEntry&gt;11410&lt;/DocEntry&gt;
                                    &lt;DocLine&gt;0&lt;/DocLine&gt;
                                    &lt;SumApplied&gt;5.00&lt;/SumApplied&gt;
                                    &lt;InvoiceType&gt;it_Invoice&lt;/InvoiceType&gt;
                                &lt;/row&gt;&lt;/Payments_Invoices&gt;&lt;/BO&gt;
                                &lt;/BOM&gt;</loc:docXml>
                              </loc:BOsync>
                              </soapenv:Body>
                              </soapenv:Envelope>
[2025-10-01 Wed 16:39:40] : invio xml: profit
[2025-10-01 Wed 16:39:40] : <?xml version="1.0" encoding="utf-8"?><soap:Envelope xmlns:soap="http://schemas.xmlsoap.org/soap/envelope/" xmlns:xsi="http://www.w3.org/2001/XMLSchema-instance" xmlns:xsd="http://www.w3.org/2001/XMLSchema"><soap:Body><BOsyncResponse xmlns="http://localhost/"><BOsyncResult><XMLResponseBuilder xmlns=""><ResponseInfo><ResponseUser>ws4s</ResponseUser><ResponseData>2025-10-01 04:39:40.52 </ResponseData><ResponseId>1038610429</ResponseId><ResponseAction /><ResponseQuery /><DebugPoint /><SessionId /></ResponseInfo><Esito><IsError>N</IsError><Code>0</Code><Message>Operazione avvenuta con successo</Message><ReturnKey /></Esito><Document><DocEntry>2019009793</DocEntry></Document></XMLResponseBuilder></BOsyncResult></BOsyncResponse></soap:Body></soap:Envelope>
[2025-10-01 Wed 16:39:40] : Risposta curl<?xml version="1.0" encoding="utf-8"?><soap:Envelope xmlns:soap="http://schemas.xmlsoap.org/soap/envelope/" xmlns:xsi="http://www.w3.org/2001/XMLSchema-instance" xmlns:xsd="http://www.w3.org/2001/XMLSchema"><soap:Body><BOsyncResponse xmlns="http://localhost/"><BOsyncResult><XMLResponseBuilder xmlns=""><ResponseInfo><ResponseUser>ws4s</ResponseUser><ResponseData>2025-10-01 04:39:40.52 </ResponseData><ResponseId>1038610429</ResponseId><ResponseAction /><ResponseQuery /><DebugPoint /><SessionId /></ResponseInfo><Esito><IsError>N</IsError><Code>0</Code><Message>Operazione avvenuta con successo</Message><ReturnKey /></Esito><Document><DocEntry>2019009793</DocEntry></Document></XMLResponseBuilder></BOsyncResult></BOsyncResponse></soap:Body></soap:Envelope>
[2025-10-01 Wed 16:39:40] : {VARDUMP} : array (
  'error' => 
  SimpleXMLElement::__set_state(array(
     0 => 'N',
  )),
  'code' => 
  SimpleXMLElement::__set_state(array(
     0 => '0',
  )),
  'message' => 
  SimpleXMLElement::__set_state(array(
     0 => 'Operazione avvenuta con successo',
  )),
)
[2025-10-01 Wed 16:39:40] : Tipo: profit
[2025-10-01 Wed 16:39:40] : Incasso inserito con docEnty: 2019009793
[2025-10-01 Wed 16:39:40] : Incasso inviato correttamente