
[2025-12-23 Tue 21:41:05] : **************

[2025-12-23 Tue 21:41:05] : {PARSE URL} : array (
  0 => '',
  1 => 'index.php',
  2 => 'sap',
  3 => 'ins',
)
[2025-12-23 Tue 21:41:05] : {VARDUMP} : array (
  'id' => '76',
)
[2025-12-23 Tue 21:41:05] : Recupero record da moodle_payments per ID: 76
[2025-12-23 Tue 21:41:05] : SQL: select * from moodle_payments where id=76
 > entro in italia
method: UserController::insInvoice
[2025-12-23 Tue 21:41:05] : Recupero record da moodle_payments per ID: 76
[2025-12-23 Tue 21:41:05] : SQL: select * from moodle_payments where id=76
[2025-12-23 Tue 21:41:05] : {VARDUMP} : array (
  'id' => 76,
  'payment_id' => 7190,
  'mdl' => 'mdl_professionefarmacia',
  'courseid' => 47,
  'userid' => 11512,
  'cost' => '170.00',
  'tipo' => 'manual',
)
[2025-12-23 Tue 21:41:05] : Errore critico durante la comunicazione con WooCommerce: Configurazione WooCommerce non trovata per l'istanza: mdl_professionefarmacia